Using pre-set license
Pro License: NO

 COMMAND LINE ARGUMENTS:
/Applications/Unity/Hub/Editor/2021.1.16f1/Unity.app/Contents/MacOS/Unity
-adb2
-batchMode
-noUpm
-name
AssetImportWorker0
-projectPath
/Users/takahashimigi/Projects/ArkitVFX
-logFile
Logs/AssetImportWorker0.log
-srvPort
51637
Successfully changed project path to: /Users/takahashimigi/Projects/ArkitVFX
/Users/takahashimigi/Projects/ArkitVFX
Using Asset Import Pipeline V2.
Refreshing native plugins compatible for Editor in 76.06 ms, found 3 plugins.
Preloading 0 native plugins for Editor in 0.00 ms.
Initialize engine version: 2021.1.16f1 (5fa502fca597)
[Subsystems] Discovering subsystems at path /Applications/Unity/Hub/Editor/2021.1.16f1/Unity.app/Contents/Resources/UnitySubsystems
[Subsystems] Discovering subsystems at path /Users/takahashimigi/Projects/ArkitVFX/Assets
GfxDevice: creating device client; threaded=0; jobified=0
2021-08-17 07:49:14.023 Unity[3753:107631] (null) preferred device: Apple M1 (high power)
2021-08-17 07:49:14.023 Unity[3753:107631] Metal devices available: 1
2021-08-17 07:49:14.023 Unity[3753:107631] 0: Apple M1 (high power)
2021-08-17 07:49:14.023 Unity[3753:107631] Using device Apple M1 (high power)
Initializing Metal device caps: Apple M1
Initialize mono
Mono path[0] = '/Applications/Unity/Hub/Editor/2021.1.16f1/Unity.app/Contents/Managed'
Mono path[1] = '/Applications/Unity/Hub/Editor/2021.1.16f1/Unity.app/Contents/MonoBleedingEdge/lib/mono/unityjit'
Mono config path = '/Applications/Unity/Hub/Editor/2021.1.16f1/Unity.app/Contents/MonoBleedingEdge/etc'
Using monoOptions --debugger-agent=transport=dt_socket,embedding=1,server=y,suspend=n,address=127.0.0.1:56753
Begin MonoManager ReloadAssembly
Registering precompiled unity dll's ...
Register platform support module: /Applications/Unity/Hub/Editor/2021.1.16f1/Unity.app/Contents/PlaybackEngines/MacStandaloneSupport/UnityEditor.OSXStandalone.Extensions.dll
Registered in 0.002589 seconds.
Native extension for OSXStandalone target not found
Refreshing native plugins compatible for Editor in 71.21 ms, found 3 plugins.
Preloading 0 native plugins for Editor in 0.00 ms.
Mono: successfully reloaded assembly
- Completed reload, in  2.091 seconds
Domain Reload Profiling:
	ReloadAssembly (2092ms)
		BeginReloadAssembly (130ms)
			ExecutionOrderSort (0ms)
			DisableScriptedObjects (0ms)
			BackupInstance (0ms)
			ReleaseScriptingObjects (0ms)
			CreateAndSetChildDomain (7ms)
		EndReloadAssembly (966ms)
			LoadAssemblies (124ms)
			RebuildTransferFunctionScriptingTraits (0ms)
			SetupTypeCache (217ms)
			ReleaseScriptCaches (0ms)
			RebuildScriptCaches (44ms)
			SetupLoadedEditorAssemblies (565ms)
				LogAssemblyErrors (0ms)
				InitializePlatformSupportModulesInManaged (17ms)
				SetLoadedEditorAssemblies (1ms)
				RefreshPlugins (71ms)
				BeforeProcessingInitializeOnLoad (4ms)
				ProcessInitializeOnLoadAttributes (373ms)
				ProcessInitializeOnLoadMethodAttributes (98ms)
				AfterProcessingInitializeOnLoad (0ms)
				EditorAssembliesLoaded (1ms)
			ExecutionOrderSort2 (0ms)
			AwakeInstancesAfterBackupRestoration (0ms)
Platform modules already initialized, skipping
Registering precompiled user dll's ...
Registered in 0.003963 seconds.
Begin MonoManager ReloadAssembly
Native extension for OSXStandalone target not found
Refreshing native plugins compatible for Editor in 72.31 ms, found 3 plugins.
Preloading 0 native plugins for Editor in 0.00 ms.
Mono: successfully reloaded assembly
- Completed reload, in  2.992 seconds
Domain Reload Profiling:
	ReloadAssembly (2993ms)
		BeginReloadAssembly (282ms)
			ExecutionOrderSort (0ms)
			DisableScriptedObjects (30ms)
			BackupInstance (0ms)
			ReleaseScriptingObjects (0ms)
			CreateAndSetChildDomain (46ms)
		EndReloadAssembly (2605ms)
			LoadAssemblies (222ms)
			RebuildTransferFunctionScriptingTraits (0ms)
			SetupTypeCache (418ms)
			ReleaseScriptCaches (1ms)
			RebuildScriptCaches (97ms)
			SetupLoadedEditorAssemblies (1577ms)
				LogAssemblyErrors (0ms)
				InitializePlatformSupportModulesInManaged (11ms)
				SetLoadedEditorAssemblies (1ms)
				RefreshPlugins (72ms)
				BeforeProcessingInitializeOnLoad (166ms)
				ProcessInitializeOnLoadAttributes (1304ms)
				ProcessInitializeOnLoadMethodAttributes (22ms)
				AfterProcessingInitializeOnLoad (1ms)
				EditorAssembliesLoaded (0ms)
			ExecutionOrderSort2 (0ms)
			AwakeInstancesAfterBackupRestoration (30ms)
Platform modules already initialized, skipping
========================================================================
Worker process is ready to serve import requests
Launching external process: /Applications/Unity/Hub/Editor/2021.1.16f1/Unity.app/Contents/Tools/UnityShaderCompiler
Launched and connected shader compiler UnityShaderCompiler after 0.04 seconds
Refreshing native plugins compatible for Editor in 0.70 ms, found 3 plugins.
Preloading 0 native plugins for Editor in 0.00 ms.
Unloading 4296 Unused Serialized files (Serialized files now loaded: 0)
System memory in use before: 295.3 MB.
System memory in use after: 295.5 MB.

Unloading 38 unused Assets to reduce memory usage. Loaded Objects now: 4743.
Total: 4.640458 ms (FindLiveObjects: 0.261750 ms CreateObjectMapping: 0.113000 ms MarkObjects: 4.184084 ms  DeleteObjects: 0.080500 ms)

AssetImportParameters requested are different than current active one (requested -> active):
  custom:video-decoder-ogg-theora: a1e56fd34408186e4bbccfd4996cb3dc -> 
  custom:container-muxer-webm: aa71ff27fc2769a1b78a27578f13a17b -> 
  custom:container-demuxer-webm: 4f35f7cbe854078d1ac9338744f61a02 -> 
  custom:container-demuxer-ogg: 62fdf1f143b41e24485cea50d1cbac27 -> 
  custom:video-encoder-webm-vp8: eb34c28f22e8b96e1ab97ce403110664 -> 
  custom:framework-osx-AVFoundation: e770b220cccbd017edd2c1fefb359320 -> 
  custom:video-decoder-webm-vp8: 9c59270c3fd7afecdb556c50c9e8de78 -> 
  custom:audio-decoder-ogg-vorbis: bf7c407c2cedff20999df2af8eb42d56 -> 
  custom:audio-encoder-webm-vorbis: bf7c407c2cedff20999df2af8eb42d56 -> 
========================================================================
Received Import Request.
  path: Assets/Test/HumanVFX/VFX/Ribbon.vfx
  artifactKey: Guid(3e137f52b5ef6406881f837b4cba6573) Importer(815301076,1909f56bfc062723c751e8b465ee728b)
Start importing Assets/Test/HumanVFX/VFX/Ribbon.vfx using Guid(3e137f52b5ef6406881f837b4cba6573) Importer(815301076,1909f56bfc062723c751e8b465ee728b)  -> (artifact id: 'b28becedacf00133d7b262bc53b54253') in 0.531211 seconds 
========================================================================
Received Import Request.
  Time since last request: 48.681103 seconds.
  path: Assets/Test/HumanVFX/VFX/Ribbon.vfx
  artifactKey: Guid(3e137f52b5ef6406881f837b4cba6573) Importer(815301076,1909f56bfc062723c751e8b465ee728b)
Start importing Assets/Test/HumanVFX/VFX/Ribbon.vfx using Guid(3e137f52b5ef6406881f837b4cba6573) Importer(815301076,1909f56bfc062723c751e8b465ee728b)  -> (artifact id: 'fee12fda2e3e9faf05a2d5b05897de09') in 0.003993 seconds 
========================================================================
Received Import Request.
  Time since last request: 4.590961 seconds.
  path: Assets/Test/HumanVFX/VFX/Ribbon.vfx
  artifactKey: Guid(3e137f52b5ef6406881f837b4cba6573) Importer(815301076,1909f56bfc062723c751e8b465ee728b)
Start importing Assets/Test/HumanVFX/VFX/Ribbon.vfx using Guid(3e137f52b5ef6406881f837b4cba6573) Importer(815301076,1909f56bfc062723c751e8b465ee728b)  -> (artifact id: 'bed8bbb524b92b8645fbbf7830b56ea2') in 0.004111 seconds 
========================================================================
Received Import Request.
  Time since last request: 68.438399 seconds.
  path: Assets/Test/HumanVFX/VFX/Ribbon.vfx
  artifactKey: Guid(3e137f52b5ef6406881f837b4cba6573) Importer(815301076,1909f56bfc062723c751e8b465ee728b)
Start importing Assets/Test/HumanVFX/VFX/Ribbon.vfx using Guid(3e137f52b5ef6406881f837b4cba6573) Importer(815301076,1909f56bfc062723c751e8b465ee728b)  -> (artifact id: 'b65bc24ffee1f41d39567cfc9965aab3') in 0.003076 seconds 
========================================================================
Received Import Request.
  Time since last request: 13.777931 seconds.
  path: Assets/Test/HumanVFX/VFX/Ribbon.vfx
  artifactKey: Guid(3e137f52b5ef6406881f837b4cba6573) Importer(815301076,1909f56bfc062723c751e8b465ee728b)
Start importing Assets/Test/HumanVFX/VFX/Ribbon.vfx using Guid(3e137f52b5ef6406881f837b4cba6573) Importer(815301076,1909f56bfc062723c751e8b465ee728b)  -> (artifact id: '5ff073b4de31c2048648558d77513d67') in 0.003730 seconds 
========================================================================
Received Import Request.
  Time since last request: 49.457382 seconds.
  path: Assets/Test/HumanVFX/VFX/Ribbon.vfx
  artifactKey: Guid(3e137f52b5ef6406881f837b4cba6573) Importer(815301076,1909f56bfc062723c751e8b465ee728b)
Start importing Assets/Test/HumanVFX/VFX/Ribbon.vfx using Guid(3e137f52b5ef6406881f837b4cba6573) Importer(815301076,1909f56bfc062723c751e8b465ee728b)  -> (artifact id: '6d69b002826fd976ccd791aaf2e8d8c9') in 0.004022 seconds 
