Base path: '/Applications/Unity/Hub/Editor/2021.1.16f1/Unity.app/Contents', plugins path '/Applications/Unity/Hub/Editor/2021.1.16f1/Unity.app/Contents/PlaybackEngines'
Cmd: initializeCompiler

Cmd: compileComputeKernel
  insize=22139 file=/Users/takahashimigi/Projects/ArkitVFX/Assets/Test/HumanVFX/VFX/BoneRibbon.vfx kernel=CSMain cachingPP=1 ppOnly=0 stripLineD=0 buildPlatform=9 km=<UNITY_VERSION=202119> pKW=UNITY_NO_DXT5nm UNITY_NO_RGBM UNITY_ENABLE_REFLECTION_BUFFERS UNITY_FRAMEBUFFER_FETCH_AVAILABLE UNITY_NO_SCREENSPACE_SHADOWS UNITY_PBS_USE_BRDF2 SHADER_API_MOBILE UNITY_LIGHTMAP_DLDR_ENCODING uKW=SHADER_STAGE_COMPUTE platform=metal flags=268439552 reqs=16385 forceDXC=0 forceFXC=0 ok=1 outsize=17927

Cmd: compileSnippet
  insize=23249 file=Assets/Test/HumanVFX/VFX/Hidden/VFX/BoneRibbon/Heads/Output Particle Quad pass=<Unnamed Pass> cachingPP=1 ppOnly=0 stripLineD=0 buildPlatform=9 rsLen=0 pKW=UNITY_NO_DXT5nm UNITY_ENABLE_REFLECTION_BUFFERS UNITY_NO_SCREENSPACE_SHADOWS UNITY_PBS_USE_BRDF2 SHADER_API_DESKTOP UNITY_LIGHTMAP_DLDR_ENCODING uKW= dKW=FOG_LINEAR FOG_EXP FOG_EXP2 UNITY_ENABLE_NATIVE_SHADOW_LOOKUPS UNITY_METAL_SHADOWS_USE_POINT_FILTERING UNITY_USE_DITHER_MASK_FOR_ALPHABLENDED_SHADOWS UNITY_PBS_USE_BRDF1 UNITY_PBS_USE_BRDF3 UNITY_NO_FULL_STANDARD_SHADER UNITY_SPECCUBE_BOX_PROJECTION UNITY_SPECCUBE_BLENDING UNITY_ENABLE_DETAIL_NORMALMAP UNITY_HARDWARE_TIER1 UNITY_HARDWARE_TIER2 UNITY_HARDWARE_TIER3 UNITY_COLORSPACE_GAMMA UNITY_LIGHT_PROBE_PROXY_VOLUME UNITY_HALF_PRECISION_FRAGMENT_SHADER_REGISTERS UNITY_LIGHTMAP_RGBM_ENCODING UNITY_LIGHTMAP_FULL_HDR UNITY_VIRTUAL_TEXTURING UNITY_PRETRANSFORM_TO_DISPLAY_ORIENTATION UNITY_ASTC_NORMALMAP_ENCODING SHADER_API_GLES30 flags=0 lang=3 type=Vertex platform=metal reqs=1101803 mask=6 start=770 ok=1 outsize=6554

Cmd: compileComputeKernel
  insize=6734 file=/Users/takahashimigi/Projects/ArkitVFX/Assets/Test/HumanVFX/VFX/BoneRibbon.vfx kernel=CSMain cachingPP=1 ppOnly=0 stripLineD=0 buildPlatform=9 km=<UNITY_VERSION=202119> pKW=UNITY_NO_DXT5nm UNITY_NO_RGBM UNITY_ENABLE_REFLECTION_BUFFERS UNITY_FRAMEBUFFER_FETCH_AVAILABLE UNITY_NO_SCREENSPACE_SHADOWS UNITY_PBS_USE_BRDF2 SHADER_API_MOBILE UNITY_LIGHTMAP_DLDR_ENCODING uKW=SHADER_STAGE_COMPUTE platform=metal flags=268439552 reqs=16385 forceDXC=0 forceFXC=0 ok=1 outsize=5882

Cmd: compileSnippet
  insize=23249 file=Assets/Test/HumanVFX/VFX/Hidden/VFX/BoneRibbon/Heads/Output Particle Quad pass=<Unnamed Pass> cachingPP=1 ppOnly=0 stripLineD=0 buildPlatform=9 rsLen=0 pKW=UNITY_NO_DXT5nm UNITY_ENABLE_REFLECTION_BUFFERS UNITY_NO_SCREENSPACE_SHADOWS UNITY_PBS_USE_BRDF2 SHADER_API_DESKTOP UNITY_LIGHTMAP_DLDR_ENCODING uKW= dKW=FOG_LINEAR FOG_EXP FOG_EXP2 UNITY_ENABLE_NATIVE_SHADOW_LOOKUPS UNITY_METAL_SHADOWS_USE_POINT_FILTERING UNITY_USE_DITHER_MASK_FOR_ALPHABLENDED_SHADOWS UNITY_PBS_USE_BRDF1 UNITY_PBS_USE_BRDF3 UNITY_NO_FULL_STANDARD_SHADER UNITY_SPECCUBE_BOX_PROJECTION UNITY_SPECCUBE_BLENDING UNITY_ENABLE_DETAIL_NORMALMAP UNITY_HARDWARE_TIER1 UNITY_HARDWARE_TIER2 UNITY_HARDWARE_TIER3 UNITY_COLORSPACE_GAMMA UNITY_LIGHT_PROBE_PROXY_VOLUME UNITY_HALF_PRECISION_FRAGMENT_SHADER_REGISTERS UNITY_LIGHTMAP_RGBM_ENCODING UNITY_LIGHTMAP_FULL_HDR UNITY_VIRTUAL_TEXTURING UNITY_PRETRANSFORM_TO_DISPLAY_ORIENTATION UNITY_ASTC_NORMALMAP_ENCODING SHADER_API_GLES30 flags=0 lang=3 type=Fragment platform=metal reqs=1101803 mask=6 start=770 ok=1 outsize=982

Cmd: compileComputeKernel
  insize=23780 file=/Users/takahashimigi/Projects/ArkitVFX/Assets/Test/HumanVFX/VFX/BoneRibbon.vfx kernel=CSMain cachingPP=1 ppOnly=0 stripLineD=0 buildPlatform=9 km=<UNITY_VERSION=202119> pKW=UNITY_NO_DXT5nm UNITY_NO_RGBM UNITY_ENABLE_REFLECTION_BUFFERS UNITY_FRAMEBUFFER_FETCH_AVAILABLE UNITY_NO_SCREENSPACE_SHADOWS UNITY_PBS_USE_BRDF2 SHADER_API_MOBILE UNITY_LIGHTMAP_DLDR_ENCODING uKW=SHADER_STAGE_COMPUTE platform=metal flags=268439552 reqs=16385 forceDXC=0 forceFXC=0 ok=1 outsize=18835

Cmd: compileComputeKernel
  insize=7136 file=/Users/takahashimigi/Projects/ArkitVFX/Assets/Test/HumanVFX/VFX/BoneRibbon.vfx kernel=CSMain cachingPP=1 ppOnly=0 stripLineD=0 buildPlatform=9 km=<UNITY_VERSION=202119> pKW=UNITY_NO_DXT5nm UNITY_NO_RGBM UNITY_ENABLE_REFLECTION_BUFFERS UNITY_FRAMEBUFFER_FETCH_AVAILABLE UNITY_NO_SCREENSPACE_SHADOWS UNITY_PBS_USE_BRDF2 SHADER_API_MOBILE UNITY_LIGHTMAP_DLDR_ENCODING uKW=SHADER_STAGE_COMPUTE platform=metal flags=268439552 reqs=16385 forceDXC=0 forceFXC=0 ok=1 outsize=4286

Cmd: compileComputeKernel
  insize=26150 file=/Users/takahashimigi/Projects/ArkitVFX/Assets/Test/HumanVFX/VFX/BoneRibbon.vfx kernel=CSMain cachingPP=1 ppOnly=0 stripLineD=0 buildPlatform=9 km=<UNITY_VERSION=202119> pKW=UNITY_NO_DXT5nm UNITY_NO_RGBM UNITY_ENABLE_REFLECTION_BUFFERS UNITY_FRAMEBUFFER_FETCH_AVAILABLE UNITY_NO_SCREENSPACE_SHADOWS UNITY_PBS_USE_BRDF2 SHADER_API_MOBILE UNITY_LIGHTMAP_DLDR_ENCODING uKW=SHADER_STAGE_COMPUTE platform=metal flags=268439552 reqs=16385 forceDXC=0 forceFXC=0 ok=1 outsize=19109

Cmd: compileComputeKernel
  insize=20352 file=/Users/takahashimigi/Projects/ArkitVFX/Assets/Test/HumanVFX/VFX/BoneRibbon.vfx kernel=CSMain cachingPP=1 ppOnly=0 stripLineD=0 buildPlatform=9 km=<UNITY_VERSION=202119> pKW=UNITY_NO_DXT5nm UNITY_NO_RGBM UNITY_ENABLE_REFLECTION_BUFFERS UNITY_FRAMEBUFFER_FETCH_AVAILABLE UNITY_NO_SCREENSPACE_SHADOWS UNITY_PBS_USE_BRDF2 SHADER_API_MOBILE UNITY_LIGHTMAP_DLDR_ENCODING uKW=SHADER_STAGE_COMPUTE platform=metal flags=268439552 reqs=16385 forceDXC=0 forceFXC=0 ok=1 outsize=11849

Cmd: shutdown

Quitting shader compiler process
